<?xml version="1.0" encoding="UTF-8"?>
<!-- Generated by org.testng.reporters.JUnitXMLReporter -->
<testsuite hostname="DESKTOP-00P6QBP" ignored="6" name="Default test" tests="9" failures="0" timestamp="21 Jun 2022 08:59:45 GMT" time="14.276" errors="0">
  <testcase name="credentialsTest" time="0.779" classname="testcases.LoginTest"/>
  <testcase name="credentialsTest" time="0.669" classname="testcases.LoginTest"/>
  <testcase name="credentialsTest" time="0.652" classname="testcases.LoginTest"/>
  <testcase name="credentialsTest" time="2.58" classname="testcases.LoginTest"/>
  <testcase name="credentialsTest" time="0.766" classname="testcases.LoginTest"/>
  <testcase name="credentialsTest" time="0.414" classname="testcases.LoginTest"/>
  <testcase name="credentialsTest" time="0.414" classname="testcases.LoginTest"/>
  <testcase name="credentialsTest" time="0.389" classname="testcases.LoginTest"/>
  <testcase name="credentialsTest" time="0.436" classname="testcases.LoginTest"/>
  <testcase name="backgroundColorCheck" time="0.0" classname="testcases.LoginTest">
    <ignored/>
  </testcase> <!-- backgroundColorCheck -->
  <testcase name="checkTitle" time="0.0" classname="testcases.LoginTest">
    <ignored/>
  </testcase> <!-- checkTitle -->
  <testcase name="JBkText" time="0.0" classname="testcases.LoginTest">
    <ignored/>
  </testcase> <!-- JBkText -->
  <testcase name="siggInText" time="0.0" classname="testcases.LoginTest">
    <ignored/>
  </testcase> <!-- siggInText -->
  <testcase name="checkLogo" time="0.0" classname="testcases.LoginTest">
    <ignored/>
  </testcase> <!-- checkLogo -->
  <testcase name="jspText" time="0.0" classname="testcases.LoginTest">
    <ignored/>
  </testcase> <!-- jspText -->
</testsuite> <!-- Default test -->
